e:\demo\vs\vs_export_gain2\qtwidgetsapplication2\x64\debug\main.obj
e:\demo\vs\vs_export_gain2\qtwidgetsapplication2\x64\debug\save.obj
e:\demo\vs\vs_export_gain2\qtwidgetsapplication2\x64\debug\vc140.pdb
e:\demo\vs\vs_export_gain2\qtwidgetsapplication2\x64\debug\qrc_save.obj
e:\demo\vs\vs_export_gain2\qtwidgetsapplication2\x64\debug\moc_save.obj
e:\demo\vs\vs_export_gain2\x64\debug\qtwidgetsapplication2.ilk
e:\demo\vs\vs_export_gain2\x64\debug\qtwidgetsapplication2.exe
e:\demo\vs\vs_export_gain2\x64\debug\qtwidgetsapplication2.pdb
e:\demo\vs\vs_export_gain2\qtwidgetsapplication2\x64\debug\moc\moc_save.cpp
e:\demo\vs\vs_export_gain2\qtwidgetsapplication2\x64\debug\uic\ui_save.h
e:\demo\vs\vs_export_gain2\qtwidgetsapplication2\x64\debug\rcc\qrc_save.cpp
e:\demo\vs\vs_export_gain2\qtwidgetsapplication2\x64\debug\qtwidget.f6f117a9.tlog\cl.command.1.tlog
e:\demo\vs\vs_export_gain2\qtwidgetsapplication2\x64\debug\qtwidget.f6f117a9.tlog\cl.read.1.tlog
e:\demo\vs\vs_export_gain2\qtwidgetsapplication2\x64\debug\qtwidget.f6f117a9.tlog\cl.write.1.tlog
e:\demo\vs\vs_export_gain2\qtwidgetsapplication2\x64\debug\qtwidget.f6f117a9.tlog\link.command.1.tlog
e:\demo\vs\vs_export_gain2\qtwidgetsapplication2\x64\debug\qtwidget.f6f117a9.tlog\link.read.1.tlog
e:\demo\vs\vs_export_gain2\qtwidgetsapplication2\x64\debug\qtwidget.f6f117a9.tlog\link.write.1.tlog
e:\demo\vs\vs_export_gain2\qtwidgetsapplication2\x64\debug\qtwidget.f6f117a9.tlog\moc.read.1u.tlog
e:\demo\vs\vs_export_gain2\qtwidgetsapplication2\x64\debug\qtwidget.f6f117a9.tlog\moc.write.1u.tlog
e:\demo\vs\vs_export_gain2\qtwidgetsapplication2\x64\debug\qtwidget.f6f117a9.tlog\qtwidgetsapplication2.write.1u.tlog
e:\demo\vs\vs_export_gain2\qtwidgetsapplication2\x64\debug\qtwidget.f6f117a9.tlog\rcc.read.1u.tlog
e:\demo\vs\vs_export_gain2\qtwidgetsapplication2\x64\debug\qtwidget.f6f117a9.tlog\rcc.write.1u.tlog
e:\demo\vs\vs_export_gain2\qtwidgetsapplication2\x64\debug\qtwidget.f6f117a9.tlog\uic.read.1u.tlog
e:\demo\vs\vs_export_gain2\qtwidgetsapplication2\x64\debug\qtwidget.f6f117a9.tlog\uic.write.1u.tlog
