c:\users\cgcp\desktop\cmv4000暗背景测试相关20211008\ximeasavedarkqt16\savedark\savedark\x64\debug\savedark.obj
c:\users\cgcp\desktop\cmv4000暗背景测试相关20211008\ximeasavedarkqt16\savedark\savedark\x64\debug\main.obj
c:\users\cgcp\desktop\cmv4000暗背景测试相关20211008\ximeasavedarkqt16\savedark\savedark\x64\debug\vc140.pdb
c:\users\cgcp\desktop\cmv4000暗背景测试相关20211008\ximeasavedarkqt16\savedark\savedark\x64\debug\qrc_savedark.obj
c:\users\cgcp\desktop\cmv4000暗背景测试相关20211008\ximeasavedarkqt16\savedark\savedark\x64\debug\moc_savedark.obj
c:\users\cgcp\desktop\cmv4000暗背景测试相关20211008\ximeasavedarkqt16\savedark\x64\debug\savedark.ilk
c:\users\cgcp\desktop\cmv4000暗背景测试相关20211008\ximeasavedarkqt16\savedark\x64\debug\savedark.exe
c:\users\cgcp\desktop\cmv4000暗背景测试相关20211008\ximeasavedarkqt16\savedark\x64\debug\savedark.pdb
c:\users\cgcp\desktop\cmv4000暗背景测试相关20211008\ximeasavedarkqt16\savedark\savedark\x64\debug\moc\moc_savedark.cpp
c:\users\cgcp\desktop\cmv4000暗背景测试相关20211008\ximeasavedarkqt16\savedark\savedark\x64\debug\rcc\qrc_savedark.cpp
c:\users\cgcp\desktop\cmv4000暗背景测试相关20211008\ximeasavedarkqt16\savedark\savedark\x64\debug\uic\ui_savedark.h
c:\users\cgcp\desktop\cmv4000暗背景测试相关20211008\ximeasavedarkqt16\savedark\savedark\x64\debug\savedark.tlog\cl.command.1.tlog
c:\users\cgcp\desktop\cmv4000暗背景测试相关20211008\ximeasavedarkqt16\savedark\savedark\x64\debug\savedark.tlog\cl.read.1.tlog
c:\users\cgcp\desktop\cmv4000暗背景测试相关20211008\ximeasavedarkqt16\savedark\savedark\x64\debug\savedark.tlog\cl.write.1.tlog
c:\users\cgcp\desktop\cmv4000暗背景测试相关20211008\ximeasavedarkqt16\savedark\savedark\x64\debug\savedark.tlog\link.command.1.tlog
c:\users\cgcp\desktop\cmv4000暗背景测试相关20211008\ximeasavedarkqt16\savedark\savedark\x64\debug\savedark.tlog\link.read.1.tlog
c:\users\cgcp\desktop\cmv4000暗背景测试相关20211008\ximeasavedarkqt16\savedark\savedark\x64\debug\savedark.tlog\link.write.1.tlog
c:\users\cgcp\desktop\cmv4000暗背景测试相关20211008\ximeasavedarkqt16\savedark\savedark\x64\debug\savedark.tlog\moc.read.1u.tlog
c:\users\cgcp\desktop\cmv4000暗背景测试相关20211008\ximeasavedarkqt16\savedark\savedark\x64\debug\savedark.tlog\moc.write.1u.tlog
c:\users\cgcp\desktop\cmv4000暗背景测试相关20211008\ximeasavedarkqt16\savedark\savedark\x64\debug\savedark.tlog\rcc.read.1u.tlog
c:\users\cgcp\desktop\cmv4000暗背景测试相关20211008\ximeasavedarkqt16\savedark\savedark\x64\debug\savedark.tlog\rcc.write.1u.tlog
c:\users\cgcp\desktop\cmv4000暗背景测试相关20211008\ximeasavedarkqt16\savedark\savedark\x64\debug\savedark.tlog\savedark.write.1u.tlog
c:\users\cgcp\desktop\cmv4000暗背景测试相关20211008\ximeasavedarkqt16\savedark\savedark\x64\debug\savedark.tlog\uic.read.1u.tlog
c:\users\cgcp\desktop\cmv4000暗背景测试相关20211008\ximeasavedarkqt16\savedark\savedark\x64\debug\savedark.tlog\uic.write.1u.tlog
